e:\tetris\tetris\debug\tetris.pch
e:\tetris\tetris\debug\vc120.pdb
e:\tetris\tetris\debug\vc120.idb
e:\tetris\tetris\debug\stdafx.obj
e:\tetris\tetris\debug\drawengine.obj
e:\tetris\tetris\debug\game.obj
e:\tetris\tetris\debug\level.obj
e:\tetris\tetris\debug\piece.obj
e:\tetris\tetris\debug\pieceset.obj
e:\tetris\tetris\debug\tetris.obj
e:\tetris\debug\tetris.ilk
e:\tetris\debug\tetris.exe
e:\tetris\debug\tetris.pdb
e:\tetris\tetris\debug\tetris.res
e:\tetris\tetris\debug\tetris.tlog\cl.command.1.tlog
e:\tetris\tetris\debug\tetris.tlog\cl.read.1.tlog
e:\tetris\tetris\debug\tetris.tlog\cl.write.1.tlog
e:\tetris\tetris\debug\tetris.tlog\link.command.1.tlog
e:\tetris\tetris\debug\tetris.tlog\link.read.1.tlog
e:\tetris\tetris\debug\tetris.tlog\link.write.1.tlog
e:\tetris\tetris\debug\tetris.tlog\rc.command.1.tlog
e:\tetris\tetris\debug\tetris.tlog\rc.read.1.tlog
e:\tetris\tetris\debug\tetris.tlog\rc.write.1.tlog
